[19:40:10] [main/INFO] (FabricLoader/GameProvider) Loading Minecraft 1.20.4 with Fabric Loader 0.15.7
[19:40:10] [main/INFO] (FabricLoader) Loading 44 mods:
	- cilantro-mod 1.0.0
	- fabric-api 0.96.11+1.20.4
	- fabric-api-base 0.4.36+78d798af4f
	- fabric-api-lookup-api-v1 1.6.49+82b1bb3e4f
	- fabric-biome-api-v1 13.0.16+78d798af4f
	- fabric-block-api-v1 1.0.16+3e2216cb4f
	- fabric-block-view-api-v2 1.0.4+78d798af4f
	- fabric-command-api-v1 1.2.41+f71b366f4f
	- fabric-command-api-v2 2.2.20+78d798af4f
	- fabric-commands-v0 0.2.58+df3654b34f
	- fabric-containers-v0 0.1.86+df3654b34f
	- fabric-content-registries-v0 5.0.15+78d798af4f
	- fabric-convention-tags-v1 1.5.10+78d798af4f
	- fabric-crash-report-info-v1 0.2.23+78d798af4f
	- fabric-data-attachment-api-v1 1.1.4+b90db5744f
	- fabric-data-generation-api-v1 13.2.4+5c0133444f
	- fabric-dimensions-v1 2.1.61+78d798af4f
	- fabric-entity-events-v1 1.6.1+09fc25014f
	- fabric-events-interaction-v0 0.7.1+389931eb4f
	- fabric-events-lifecycle-v0 0.2.74+df3654b34f
	- fabric-game-rule-api-v1 1.0.46+78d798af4f
	- fabric-gametest-api-v1 1.3.5+85d85a934f
	- fabric-item-api-v1 2.2.0+d6f2b0844f
	- fabric-item-group-api-v1 4.0.26+58f8c0124f
	- fabric-lifecycle-events-v1 2.3.0+a67ffb5d4f
	- fabric-loot-api-v2 2.1.9+78d798af4f
	- fabric-message-api-v1 6.0.5+78d798af4f
	- fabric-mining-level-api-v1 2.1.65+78d798af4f
	- fabric-networking-api-v1 3.1.7+2e5ac5484f
	- fabric-object-builder-api-v1 13.0.14+080016e44f
	- fabric-particles-v1 1.1.7+78d798af4f
	- fabric-recipe-api-v1 2.0.20+78d798af4f
	- fabric-registry-sync-v0 4.0.19+58f8c0124f
	- fabric-rendering-data-attachment-v1 0.3.42+73761d2e4f
	- fabric-rendering-fluids-v1 3.1.1+e761c6694f
	- fabric-resource-conditions-api-v1 2.3.14+78d798af4f
	- fabric-resource-loader-v0 0.11.20+df798a894f
	- fabric-screen-handler-api-v1 1.3.55+78d798af4f
	- fabric-transfer-api-v1 4.0.11+eb30349a4f
	- fabric-transitive-access-wideners-v1 5.0.14+78d798af4f
	- fabricloader 0.15.7
	- java 17
	- minecraft 1.20.4
	- mixinextras 0.3.5
[19:40:10] [main/INFO] (FabricLoader/Mixin) SpongePowered MIXIN Subsystem Version=0.8.5 Source=file:/Users/nishant/.gradle/caches/modules-2/files-2.1/net.fabricmc/sponge-mixin/0.12.5+mixin.0.8.5/8d31fb97c3e0cd7c8dad3441851c523bcfae6d8e/sponge-mixin-0.12.5+mixin.0.8.5.jar Service=Knot/Fabric Env=SERVER
[19:40:11] [main/INFO] (FabricLoader/Mixin) Loaded Fabric development mappings for mixin remapper!
[19:40:11] [main/INFO] (FabricLoader/Mixin) Compatibility level set to JAVA_17
[19:40:11] [main/INFO] (FabricLoader/MixinExtras|Service) Initializing MixinExtras via com.llamalad7.mixinextras.service.MixinExtrasServiceImpl(version=0.3.5).
[19:40:15] [main/INFO] (fabric-networking-api-v1) Force Packet Serialization is enabled to mimic remote connection on single player, this is the default behaviour on dev env. Add -Dfabric-api.networking.force-packet-serialization=false JVM arg to disable it.
[19:40:15] [main/INFO] (cilantro-mod) Registering Mod Items for cilantro-mod
[19:40:15] [main/INFO] (cilantro-mod) Registering ModBlocks for cilantro-mod
[19:40:15] [main/INFO] (cilantro-mod) Hello Fabric world!
[19:40:15] [main/INFO] (FabricDataGenHelper) Running data generator for cilantro-mod
[19:40:16] [main/INFO] (Minecraft) Starting provider: Cilantro Mod/Tags for minecraft:block
[19:40:16] [main/INFO] (Minecraft) Cilantro Mod/Tags for minecraft:block finished after 203 ms
[19:40:16] [main/INFO] (Minecraft) Starting provider: Cilantro Mod/Tags for minecraft:item
[19:40:16] [main/INFO] (Minecraft) Cilantro Mod/Tags for minecraft:item finished after 7 ms
[19:40:16] [main/INFO] (Minecraft) Starting provider: Cilantro Mod/Block Loot Tables
[19:40:16] [main/INFO] (Minecraft) Cilantro Mod/Block Loot Tables finished after 27 ms
[19:40:16] [main/INFO] (Minecraft) Starting provider: Cilantro Mod/Model Definitions
[19:40:16] [main/INFO] (Minecraft) Cilantro Mod/Model Definitions finished after 32 ms
[19:40:16] [main/INFO] (Minecraft) Starting provider: Cilantro Mod/Recipes
[19:40:16] [main/INFO] (Minecraft) Cilantro Mod/Recipes finished after 27 ms
[19:40:16] [main/INFO] (Minecraft) All providers took: 300 ms
[19:40:16] [main/INFO] (Minecraft) Caching: total files: 27, old count: 24, new count: 28, removed stale: 0, written: 3
